<?xml version="1.0" encoding="UTF-8"?>
<!-- Generated by org.testng.reporters.JUnitReportReporter -->
<testsuite hostname="dell-PC" name="WebDriverChrome" tests="1" failures="1" timestamp="20 Jun 2016 17:40:07 GMT" time="53.809" errors="0">
  <testcase name="open1" time="53.809" classname="WebDriverChrome">
    <failure type="org.openqa.selenium.WebDriverException" message="Unable to connect to host 127.0.0.1 on port 7055 after 45000 ms. Firefox console output:
5096322551},&quot;firefox@getpocket.com&quot;:{&quot;d&quot;:&quot;C:\\Program Files (x86)\\Mozilla Firefox\\browser\\features\\firefox@getpocket.com.xpi&quot;,&quot;e&quot;:true,&quot;v&quot;:&quot;1.0.2&quot;,&quot;st&quot;:1465096322601},&quot;loop@mozilla.org&quot;:{&quot;d&quot;:&quot;C:\\Program Files (x86)\\Mozilla Firefox\\browser\\features\\loop@mozilla.org.xpi&quot;,&quot;e&quot;:true,&quot;v&quot;:&quot;1.3.2&quot;,&quot;st&quot;:1465096322761}},&quot;app-global&quot;:{&quot;{972ce4c6-7e08-4474-a285-3208198ce6fd}&quot;:{&quot;d&quot;:&quot;C:\\Program Files (x86)\\Mozilla Firefox\\browser\\extensions\\{972ce4c6-7e08-4474-a285-3208198ce6fd}.xpi&quot;,&quot;e&quot;:true,&quot;v&quot;:&quot;47.0&quot;,&quot;st&quot;:1465096322549}},&quot;winreg-app-global&quot;:{&quot;k7srff_enUS@k7computing.com&quot;:{&quot;d&quot;:&quot;C:\\Program Files (x86)\\K7 Computing\\K7TSecurity\\K7SR\\K7WebProtection.xpi&quot;,&quot;e&quot;:false,&quot;v&quot;:&quot;2.4&quot;,&quot;st&quot;:1451992580000}}}
1466444361952	addons.xpi	DEBUG	No changes found
1466444361962	addons.xpi	DEBUG	Registering manifest for C:\Program Files (x86)\Mozilla Firefox\browser\features\e10srollout@mozilla.org.xpi
1466444361963	addons.xpi	DEBUG	Loading bootstrap scope from C:\Program Files (x86)\Mozilla Firefox\browser\features\e10srollout@mozilla.org.xpi
1466444361981	addons.xpi	DEBUG	Calling bootstrap method startup on e10srollout@mozilla.org version 1.0
1466444361982	addons.xpi	DEBUG	Registering manifest for C:\Program Files (x86)\Mozilla Firefox\browser\features\firefox@getpocket.com.xpi
1466444361983	addons.xpi	DEBUG	Loading bootstrap scope from C:\Program Files (x86)\Mozilla Firefox\browser\features\firefox@getpocket.com.xpi
1466444361988	addons.xpi	DEBUG	Calling bootstrap method startup on firefox@getpocket.com version 1.0.2
1466444361997	addons.xpi-utils	DEBUG	Starting async load of XPI database C:\Users\dell\AppData\Local\Temp\anonymous8501010851755034904webdriver-profile\extensions.json
1466444361999	addons.xpi	DEBUG	Registering manifest for C:\Program Files (x86)\Mozilla Firefox\browser\features\loop@mozilla.org.xpi
1466444362000	addons.xpi	DEBUG	Loading bootstrap scope from C:\Program Files (x86)\Mozilla Firefox\browser\features\loop@mozilla.org.xpi
1466444362007	addons.xpi	DEBUG	Calling bootstrap method startup on loop@mozilla.org version 1.3.2
1466444362038	addons.manager	DEBUG	Registering shutdown blocker for XPIProvider
1466444362039	addons.manager	DEBUG	Provider finished startup: XPIProvider
1466444362039	addons.manager	DEBUG	Starting provider: LightweightThemeManager
1466444362039	addons.manager	DEBUG	Registering shutdown blocker for LightweightThemeManager
1466444362039	addons.manager	DEBUG	Provider finished startup: LightweightThemeManager
1466444362040	addons.manager	DEBUG	Starting provider: GMPProvider
1466444362046	addons.manager	DEBUG	Registering shutdown blocker for GMPProvider
1466444362047	addons.manager	DEBUG	Provider finished startup: GMPProvider
1466444362047	addons.manager	DEBUG	Starting provider: PluginProvider
1466444362047	addons.manager	DEBUG	Registering shutdown blocker for PluginProvider
1466444362047	addons.manager	DEBUG	Provider finished startup: PluginProvider
1466444362048	addons.manager	DEBUG	Completed startup sequence
1466444362425	addons.xpi-utils	DEBUG	Async JSON file read took 0 MS
1466444362425	addons.xpi-utils	DEBUG	Finished async read of XPI database, parsing...
1466444362428	addons.xpi-utils	DEBUG	Successfully read XPI database
1466444362441	addons.manager	DEBUG	Starting provider: &lt;unnamed-provider&gt;
1466444362441	addons.manager	DEBUG	Registering shutdown blocker for &lt;unnamed-provider&gt;
1466444362442	addons.manager	DEBUG	Provider finished startup: &lt;unnamed-provider&gt;
*** Blocklist::_loadBlocklistFromFile: blocklist is disabled
1466444362581	addons.manager	DEBUG	Starting provider: PreviousExperimentProvider
1466444362581	addons.manager	DEBUG	Registering shutdown blocker for PreviousExperimentProvider
1466444362581	addons.manager	DEBUG	Provider finished startup: PreviousExperimentProvider
JavaScript warning: https://normandy.cdn.mozilla.net/static/js/bundles/selfrepair-7575f6d27445b45bcffb.js, line 9825: mutating the [[Prototype]] of an object will cause your code to run very slowly; instead create the object with the correct initial [[Prototype]] value using Object.create

Command duration or timeout: 53.29 seconds
Build info: version: &#039;2.45.0&#039;, revision: &#039;5017cb8&#039;, time: &#039;2015-02-26 23:59:50&#039;
System info: host: &#039;dell-PC&#039;, ip: &#039;192.168.1.2&#039;, os.name: &#039;Windows 7&#039;, os.arch: &#039;amd64&#039;, os.version: &#039;6.1&#039;, java.version: &#039;1.8.0_65&#039;
Driver info: org.openqa.selenium.remote.RemoteWebDriver">
      <![CDATA[org.openqa.selenium.WebDriverException: Unable to connect to host 127.0.0.1 on port 7055 after 45000 ms. Firefox console output:
5096322551},"firefox@getpocket.com":{"d":"C:\\Program Files (x86)\\Mozilla Firefox\\browser\\features\\firefox@getpocket.com.xpi","e":true,"v":"1.0.2","st":1465096322601},"loop@mozilla.org":{"d":"C:\\Program Files (x86)\\Mozilla Firefox\\browser\\features\\loop@mozilla.org.xpi","e":true,"v":"1.3.2","st":1465096322761}},"app-global":{"{972ce4c6-7e08-4474-a285-3208198ce6fd}":{"d":"C:\\Program Files (x86)\\Mozilla Firefox\\browser\\extensions\\{972ce4c6-7e08-4474-a285-3208198ce6fd}.xpi","e":true,"v":"47.0","st":1465096322549}},"winreg-app-global":{"k7srff_enUS@k7computing.com":{"d":"C:\\Program Files (x86)\\K7 Computing\\K7TSecurity\\K7SR\\K7WebProtection.xpi","e":false,"v":"2.4","st":1451992580000}}}
1466444361952	addons.xpi	DEBUG	No changes found
1466444361962	addons.xpi	DEBUG	Registering manifest for C:\Program Files (x86)\Mozilla Firefox\browser\features\e10srollout@mozilla.org.xpi
1466444361963	addons.xpi	DEBUG	Loading bootstrap scope from C:\Program Files (x86)\Mozilla Firefox\browser\features\e10srollout@mozilla.org.xpi
1466444361981	addons.xpi	DEBUG	Calling bootstrap method startup on e10srollout@mozilla.org version 1.0
1466444361982	addons.xpi	DEBUG	Registering manifest for C:\Program Files (x86)\Mozilla Firefox\browser\features\firefox@getpocket.com.xpi
1466444361983	addons.xpi	DEBUG	Loading bootstrap scope from C:\Program Files (x86)\Mozilla Firefox\browser\features\firefox@getpocket.com.xpi
1466444361988	addons.xpi	DEBUG	Calling bootstrap method startup on firefox@getpocket.com version 1.0.2
1466444361997	addons.xpi-utils	DEBUG	Starting async load of XPI database C:\Users\dell\AppData\Local\Temp\anonymous8501010851755034904webdriver-profile\extensions.json
1466444361999	addons.xpi	DEBUG	Registering manifest for C:\Program Files (x86)\Mozilla Firefox\browser\features\loop@mozilla.org.xpi
1466444362000	addons.xpi	DEBUG	Loading bootstrap scope from C:\Program Files (x86)\Mozilla Firefox\browser\features\loop@mozilla.org.xpi
1466444362007	addons.xpi	DEBUG	Calling bootstrap method startup on loop@mozilla.org version 1.3.2
1466444362038	addons.manager	DEBUG	Registering shutdown blocker for XPIProvider
1466444362039	addons.manager	DEBUG	Provider finished startup: XPIProvider
1466444362039	addons.manager	DEBUG	Starting provider: LightweightThemeManager
1466444362039	addons.manager	DEBUG	Registering shutdown blocker for LightweightThemeManager
1466444362039	addons.manager	DEBUG	Provider finished startup: LightweightThemeManager
1466444362040	addons.manager	DEBUG	Starting provider: GMPProvider
1466444362046	addons.manager	DEBUG	Registering shutdown blocker for GMPProvider
1466444362047	addons.manager	DEBUG	Provider finished startup: GMPProvider
1466444362047	addons.manager	DEBUG	Starting provider: PluginProvider
1466444362047	addons.manager	DEBUG	Registering shutdown blocker for PluginProvider
1466444362047	addons.manager	DEBUG	Provider finished startup: PluginProvider
1466444362048	addons.manager	DEBUG	Completed startup sequence
1466444362425	addons.xpi-utils	DEBUG	Async JSON file read took 0 MS
1466444362425	addons.xpi-utils	DEBUG	Finished async read of XPI database, parsing...
1466444362428	addons.xpi-utils	DEBUG	Successfully read XPI database
1466444362441	addons.manager	DEBUG	Starting provider: <unnamed-provider>
1466444362441	addons.manager	DEBUG	Registering shutdown blocker for <unnamed-provider>
1466444362442	addons.manager	DEBUG	Provider finished startup: <unnamed-provider>
*** Blocklist::_loadBlocklistFromFile: blocklist is disabled
1466444362581	addons.manager	DEBUG	Starting provider: PreviousExperimentProvider
1466444362581	addons.manager	DEBUG	Registering shutdown blocker for PreviousExperimentProvider
1466444362581	addons.manager	DEBUG	Provider finished startup: PreviousExperimentProvider
JavaScript warning: https://normandy.cdn.mozilla.net/static/js/bundles/selfrepair-7575f6d27445b45bcffb.js, line 9825: mutating the [[Prototype]] of an object will cause your code to run very slowly; instead create the object with the correct initial [[Prototype]] value using Object.create

Command duration or timeout: 53.29 seconds
Build info: version: '2.45.0', revision: '5017cb8', time: '2015-02-26 23:59:50'
System info: host: 'dell-PC', ip: '192.168.1.2', os.name: 'Windows 7', os.arch: 'amd64', os.version: '6.1', java.version: '1.8.0_65'
Driver info: org.openqa.selenium.remote.RemoteWebDriver
	at sun.reflect.NativeConstructorAccessorImpl.newInstance0(Native Method)
	at sun.reflect.NativeConstructorAccessorImpl.newInstance(Unknown Source)
	at sun.reflect.DelegatingConstructorAccessorImpl.newInstance(Unknown Source)
	at java.lang.reflect.Constructor.newInstance(Unknown Source)
	at org.openqa.selenium.remote.ErrorHandler.createThrowable(ErrorHandler.java:204)
	at org.openqa.selenium.remote.ErrorHandler.throwIfResponseFailed(ErrorHandler.java:156)
	at org.openqa.selenium.remote.RemoteWebDriver.execute(RemoteWebDriver.java:599)
	at org.openqa.selenium.remote.RemoteWebDriver.startSession(RemoteWebDriver.java:240)
	at org.openqa.selenium.remote.RemoteWebDriver.<init>(RemoteWebDriver.java:126)
	at org.openqa.selenium.remote.RemoteWebDriver.<init>(RemoteWebDriver.java:153)
	at WebDriverChrome.open1(WebDriverChrome.java:22)
	at sun.reflect.NativeMethodAccessorImpl.invoke0(Native Method)
	at sun.reflect.NativeMethodAccessorImpl.invoke(Unknown Source)
	at sun.reflect.DelegatingMethodAccessorImpl.invoke(Unknown Source)
	at java.lang.reflect.Method.invoke(Unknown Source)
	at org.testng.internal.MethodInvocationHelper.invokeMethod(MethodInvocationHelper.java:84)
	at org.testng.internal.Invoker.invokeMethod(Invoker.java:714)
	at org.testng.internal.Invoker.invokeTestMethod(Invoker.java:901)
	at org.testng.internal.Invoker.invokeTestMethods(Invoker.java:1231)
	at org.testng.internal.TestMethodWorker.invokeTestMethods(TestMethodWorker.java:127)
	at org.testng.internal.TestMethodWorker.run(TestMethodWorker.java:111)
	at org.testng.TestRunner.privateRun(TestRunner.java:767)
	at org.testng.TestRunner.run(TestRunner.java:617)
	at org.testng.SuiteRunner.runTest(SuiteRunner.java:334)
	at org.testng.SuiteRunner.access$000(SuiteRunner.java:37)
	at org.testng.SuiteRunner$SuiteWorker.run(SuiteRunner.java:368)
	at org.testng.internal.thread.ThreadUtil$2.call(ThreadUtil.java:64)
	at java.util.concurrent.FutureTask.run(Unknown Source)
	at java.util.concurrent.ThreadPoolExecutor.runWorker(Unknown Source)
	at java.util.concurrent.ThreadPoolExecutor$Worker.run(Unknown Source)
	at java.lang.Thread.run(Unknown Source)
Caused by: org.openqa.selenium.remote.ErrorHandler$UnknownServerException: Unable to connect to host 127.0.0.1 on port 7055 after 45000 ms. Firefox console output:
5096322551},"firefox@getpocket.com":{"d":"C:\\Program Files (x86)\\Mozilla Firefox\\browser\\features\\firefox@getpocket.com.xpi","e":true,"v":"1.0.2","st":1465096322601},"loop@mozilla.org":{"d":"C:\\Program Files (x86)\\Mozilla Firefox\\browser\\features\\loop@mozilla.org.xpi","e":true,"v":"1.3.2","st":1465096322761}},"app-global":{"{972ce4c6-7e08-4474-a285-3208198ce6fd}":{"d":"C:\\Program Files (x86)\\Mozilla Firefox\\browser\\extensions\\{972ce4c6-7e08-4474-a285-3208198ce6fd}.xpi","e":true,"v":"47.0","st":1465096322549}},"winreg-app-global":{"k7srff_enUS@k7computing.com":{"d":"C:\\Program Files (x86)\\K7 Computing\\K7TSecurity\\K7SR\\K7WebProtection.xpi","e":false,"v":"2.4","st":1451992580000}}}
1466444361952	addons.xpi	DEBUG	No changes found
1466444361962	addons.xpi	DEBUG	Registering manifest for C:\Program Files (x86)\Mozilla Firefox\browser\features\e10srollout@mozilla.org.xpi
1466444361963	addons.xpi	DEBUG	Loading bootstrap scope from C:\Program Files (x86)\Mozilla Firefox\browser\features\e10srollout@mozilla.org.xpi
1466444361981	addons.xpi	DEBUG	Calling bootstrap method startup on e10srollout@mozilla.org version 1.0
1466444361982	addons.xpi	DEBUG	Registering manifest for C:\Program Files (x86)\Mozilla Firefox\browser\features\firefox@getpocket.com.xpi
1466444361983	addons.xpi	DEBUG	Loading bootstrap scope from C:\Program Files (x86)\Mozilla Firefox\browser\features\firefox@getpocket.com.xpi
1466444361988	addons.xpi	DEBUG	Calling bootstrap method startup on firefox@getpocket.com version 1.0.2
1466444361997	addons.xpi-utils	DEBUG	Starting async load of XPI database C:\Users\dell\AppData\Local\Temp\anonymous8501010851755034904webdriver-profile\extensions.json
1466444361999	addons.xpi	DEBUG	Registering manifest for C:\Program Files (x86)\Mozilla Firefox\browser\features\loop@mozilla.org.xpi
1466444362000	addons.xpi	DEBUG	Loading bootstrap scope from C:\Program Files (x86)\Mozilla Firefox\browser\features\loop@mozilla.org.xpi
1466444362007	addons.xpi	DEBUG	Calling bootstrap method startup on loop@mozilla.org version 1.3.2
1466444362038	addons.manager	DEBUG	Registering shutdown blocker for XPIProvider
1466444362039	addons.manager	DEBUG	Provider finished startup: XPIProvider
1466444362039	addons.manager	DEBUG	Starting provider: LightweightThemeManager
1466444362039	addons.manager	DEBUG	Registering shutdown blocker for LightweightThemeManager
1466444362039	addons.manager	DEBUG	Provider finished startup: LightweightThemeManager
1466444362040	addons.manager	DEBUG	Starting provider: GMPProvider
1466444362046	addons.manager	DEBUG	Registering shutdown blocker for GMPProvider
1466444362047	addons.manager	DEBUG	Provider finished startup: GMPProvider
1466444362047	addons.manager	DEBUG	Starting provider: PluginProvider
1466444362047	addons.manager	DEBUG	Registering shutdown blocker for PluginProvider
1466444362047	addons.manager	DEBUG	Provider finished startup: PluginProvider
1466444362048	addons.manager	DEBUG	Completed startup sequence
1466444362425	addons.xpi-utils	DEBUG	Async JSON file read took 0 MS
1466444362425	addons.xpi-utils	DEBUG	Finished async read of XPI database, parsing...
1466444362428	addons.xpi-utils	DEBUG	Successfully read XPI database
1466444362441	addons.manager	DEBUG	Starting provider: <unnamed-provider>
1466444362441	addons.manager	DEBUG	Registering shutdown blocker for <unnamed-provider>
1466444362442	addons.manager	DEBUG	Provider finished startup: <unnamed-provider>
*** Blocklist::_loadBlocklistFromFile: blocklist is disabled
1466444362581	addons.manager	DEBUG	Starting provider: PreviousExperimentProvider
1466444362581	addons.manager	DEBUG	Registering shutdown blocker for PreviousExperimentProvider
1466444362581	addons.manager	DEBUG	Provider finished startup: PreviousExperimentProvider
JavaScript warning: https://normandy.cdn.mozilla.net/static/js/bundles/selfrepair-7575f6d27445b45bcffb.js, line 9825: mutating the [[Prototype]] of an object will cause your code to run very slowly; instead create the object with the correct initial [[Prototype]] value using Object.create

Build info: version: '2.45.0', revision: '5017cb8', time: '2015-02-26 23:59:50'
System info: host: 'dell-PC', ip: '192.168.1.2', os.name: 'Windows 7', os.arch: 'amd64', os.version: '6.1', java.version: '1.8.0_65'
Driver info: driver.version: FirefoxDriver
	at org.openqa.selenium.firefox.internal.NewProfileExtensionConnection.start(NewProfileExtensionConnection.java:106)
	at org.openqa.selenium.firefox.FirefoxDriver.startClient(FirefoxDriver.java:251)
	at org.openqa.selenium.remote.RemoteWebDriver.<init>(RemoteWebDriver.java:110)
	at org.openqa.selenium.firefox.FirefoxDriver.<init>(FirefoxDriver.java:197)
	at org.openqa.selenium.firefox.FirefoxDriver.<init>(FirefoxDriver.java:190)
	at org.openqa.selenium.firefox.FirefoxDriver.<init>(FirefoxDriver.java:108)
	at sun.reflect.NativeConstructorAccessorImpl.newInstance0(Native Method)
	at sun.reflect.NativeConstructorAccessorImpl.newInstance(Unknown Source)
	at sun.reflect.DelegatingConstructorAccessorImpl.newInstance(Unknown Source)
	at java.lang.reflect.Constructor.newInstance(Unknown Source)
	at org.openqa.selenium.remote.server.DefaultDriverFactory.callConstructor(DefaultDriverFactory.java:62)
	at org.openqa.selenium.remote.server.DefaultDriverFactory.newInstance(DefaultDriverFactory.java:56)
	at org.openqa.selenium.remote.server.DefaultSession$BrowserCreator.call(DefaultSession.java:215)
	at org.openqa.selenium.remote.server.DefaultSession$BrowserCreator.call(DefaultSession.java:1)
	at java.util.concurrent.FutureTask.run(Unknown Source)
	at org.openqa.selenium.remote.server.DefaultSession$1.run(DefaultSession.java:169)
	... 3 more
]]>
    </failure>
  </testcase> <!-- open1 -->
</testsuite> <!-- WebDriverChrome -->
